[0411/102623:ERROR:crash_report_database_win.cc(412)] unexpected header
[0411/103205:ERROR:crash_report_database_win.cc(412)] unexpected header
[0411/110023:ERROR:crash_report_database_win.cc(412)] unexpected header
[0411/110032:ERROR:crash_report_database_win.cc(412)] unexpected header
[0411/110233:ERROR:crash_report_database_win.cc(412)] unexpected header
[0411/110251:ERROR:crash_report_database_win.cc(412)] unexpected header
[0411/112012:ERROR:crash_report_database_win.cc(412)] unexpected header
[0411/113714:ERROR:crash_report_database_win.cc(412)] unexpected header
[0411/114022:ERROR:crash_report_database_win.cc(412)] unexpected header
[0411/121915:ERROR:crash_report_database_win.cc(412)] unexpected header
[0411/122609:ERROR:crash_report_database_win.cc(412)] unexpected header
[0411/141832:ERROR:crash_report_database_win.cc(412)] unexpected header
[0412/161000:ERROR:crash_report_database_win.cc(412)] unexpected header
[0413/122115:ERROR:crash_report_database_win.cc(412)] unexpected header
[0413/141518:ERROR:crash_report_database_win.cc(412)] unexpected header
[0413/145918:ERROR:crash_report_database_win.cc(412)] unexpected header
[0413/150047:ERROR:crash_report_database_win.cc(412)] unexpected header
[0413/150057:ERROR:crash_report_database_win.cc(412)] unexpected header
[0413/150109:ERROR:crash_report_database_win.cc(412)] unexpected header
[0413/150127:ERROR:crash_report_database_win.cc(412)] unexpected header
[0414/113050:ERROR:crash_report_database_win.cc(412)] unexpected header
[0429/155135:ERROR:scoped_process_suspend.cc(29)] NtSuspendProcess, ntstatus=-1073741558
[0429/155135:ERROR:process_info.cc(103)] ReadProcessMemory bool __cdecl crashpad::`anonymous-namespace'::ReadStruct<struct crashpad::process_types::PEB<struct crashpad::process_types::internal::Traits32>>(void *,unsigned __int64,struct crashpad::process_types::PEB<struct crashpad::process_types::internal::Traits32> *): Only part of a ReadProcessMemory or WriteProcessMemory request was completed. (0x12B)
[0429/155135:ERROR:process_info.cc(542)] ReadProcessData failed
[0429/155135:ERROR:process_info.cc(608)] range at 0x7ffdf000, size 0x230 fully unreadable
[0429/155135:ERROR:process_reader_win.cc(232)] ReadMemory at 0x7ffdf000 of 560 bytes failed: Only part of a ReadProcessMemory or WriteProcessMemory request was completed. (0x12B)
[0429/155135:ERROR:process_snapshot_win.cc(271)] ReadMemory PEB
[0429/155135:ERROR:process_reader_win.cc(98)] process 5060 not found
[0429/155135:ERROR:process_reader_win.cc(232)] ReadMemory at 0xd1c154 of 12 bytes failed: Only part of a ReadProcessMemory or WriteProcessMemory request was completed. (0x12B)
[0429/155135:WARNING:process_snapshot_win.cc(89)] ReadMemory ExceptionInformation failed
[0429/155135:WARNING:crash_report_exception_handler.cc(60)] ProcessSnapshotWin::InitializeException failed
[0429/155135:ERROR:scoped_process_suspend.cc(38)] NtResumeProcess, ntstatus=-1073741558
